<?xml version="1.0" encoding="UTF-8"?>
<!-- Generated by org.testng.reporters.JUnitReportReporter -->
<testsuite hostname="DESKTOP-42N6K0D" failures="0" tests="4" name="test.TestClass" time="20.147" errors="0" timestamp="2025-03-09T15:30:42 IST" skipped="0">
  <testcase classname="test.TestClass" name="browserOpen" time="0.718"/>
  <system-out/>
  <testcase classname="test.TestClass" name="invalidLoginCredential" time="13.828"/>
  <system-out/>
  <testcase classname="test.TestClass" name="validLoginCredential" time="4.879"/>
  <system-out/>
  <testcase classname="test.TestClass" name="closeReport" time="0.722"/>
  <system-out/>
</testsuite> <!-- test.TestClass -->
