<?xml version="1.0" encoding="UTF-8"?>
<!-- Generated by org.testng.reporters.JUnitReportReporter -->
<testsuite hostname="DESKTOP-42N6K0D" failures="0" tests="4" name="test.TestClass" time="10.122" errors="0" timestamp="2025-03-10T11:13:43 IST" skipped="0">
  <testcase classname="test.TestClass" name="browserOpen" time="0.504"/>
  <system-out/>
  <testcase classname="test.TestClass" name="invalidLoginCredential" time="6.771"/>
  <system-out/>
  <testcase classname="test.TestClass" name="validLoginCredential" time="2.497"/>
  <system-out/>
  <testcase classname="test.TestClass" name="closeReport" time="0.350"/>
  <system-out/>
</testsuite> <!-- test.TestClass -->
