<?xml version="1.0" encoding="UTF-8"?>
<!-- Generated by org.testng.reporters.JUnitReportReporter -->
<testsuite hostname="DESKTOP-42N6K0D" failures="0" tests="4" name="test.TestClass" time="16.787" errors="0" timestamp="2025-03-09T16:20:23 IST" skipped="0">
  <testcase classname="test.TestClass" name="browserOpen" time="0.457"/>
  <system-out/>
  <testcase classname="test.TestClass" name="invalidLoginCredential" time="11.983"/>
  <system-out/>
  <testcase classname="test.TestClass" name="validLoginCredential" time="3.806"/>
  <system-out/>
  <testcase classname="test.TestClass" name="closeReport" time="0.541"/>
  <system-out/>
</testsuite> <!-- test.TestClass -->
