<?xml version="1.0" encoding="UTF-8"?>
<!-- Generated by org.testng.reporters.JUnitReportReporter -->
<testsuite hostname="DESKTOP-42N6K0D" failures="0" tests="4" name="test.TestClass" time="15.125" errors="0" timestamp="2025-03-10T18:39:11 IST" skipped="0">
  <testcase classname="test.TestClass" name="browserOpen" time="0.671"/>
  <system-out/>
  <testcase classname="test.TestClass" name="invalidLoginCredential" time="9.986"/>
  <system-out/>
  <testcase classname="test.TestClass" name="validLoginCredential" time="3.631"/>
  <system-out/>
  <testcase classname="test.TestClass" name="closeReport" time="0.837"/>
  <system-out/>
</testsuite> <!-- test.TestClass -->
